<!doctype html>
<html>
 <head> 
  <meta charset="UTF-8"> 
  <meta name="description" content=""> 
  <meta name="robots" content="noodp, noydir"> 
  <meta name="viewport" content="width=device-width, initial-scale=1"> 
  <meta id="timeStampFormat" name="timeStampFormat" content="MMM d, yyyy hh:mm:ss a"> 
  <link href="https://fonts.googleapis.com/css?family=Source+Sans+Pro:400,600" rel="stylesheet" type="text/css"> 
  <link href="https://fonts.googleapis.com/icon?family=Material+Icons" rel="stylesheet"> 
  <link href="https://cdn.rawgit.com/anshooarora/extentreports-java/6d3843c29c354373fafad29c03a1a89b7e06c374/dist/css/extent.css" type="text/css" rel="stylesheet"> 
  <title>Test Results</title> 
 </head> 
 <body class="extent standard default hide-overflow "> 
  <div id="theme-selector" alt="Click to toggle theme. To enable by default, use theme configuration." title="Click to toggle theme. To enable by default, use theme configuration."> 
   <span><i class="material-icons">desktop_windows</i></span> 
  </div> 
  <nav> 
   <div class="nav-wrapper"> 
    <a href="#!" class="brand-logo blue darken-3">Extent</a> 
    <!-- slideout menu --> 
    <ul id="slide-out" class="side-nav fixed hide-on-med-and-down"> 
     <li class="waves-effect active"><a href="#!" view="test-view" onclick="configureView(0);chartsView('test');"><i class="material-icons">dashboard</i></a></li> 
     <li class="waves-effect"><a href="#!" view="category-view" onclick="configureView(1)"><i class="material-icons">label_outline</i></a></li> 
     <li class="waves-effect"><a href="#!" view="exception-view" onclick="configureView(2)"><i class="material-icons">bug_report</i></a></li> 
     <li class="waves-effect"><a href="#!" onclick="configureView(-1);chartsView('dashboard');" view="dashboard-view"><i class="material-icons">track_changes</i></a></li> 
     <li class="waves-effect"><a href="#!" onclick="configureView(-1)" view="testrunner-logs-view"><i class="material-icons">note</i></a></li> 
    </ul> 
    <!-- report name --> 
    <span class="report-name">Test Results - Test Suite</span> 
    <!-- report headline --> 
    <span class="report-headline"></span> 
    <!-- nav-right --> 
    <ul id="nav-mobile" class="right hide-on-med-and-down nav-right"> 
     <li> <a href="#!"> <span class="label suite-start-time blue darken-3">May 22, 2020 02:08:55 PM</span> </a> </li> 
     <li> <a href="#!"> <span class="label blue darken-3">v3.0.6</span> </a> </li> 
    </ul> 
   </div> 
  </nav> 
  <!-- container --> 
  <div class="container"> 
   <div id="test-view" class="view"> 
    <section id="controls"> 
     <div class="controls grey lighten-4"> 
      <!-- test toggle --> 
      <div class="chip transparent"> 
       <a class="dropdown-button tests-toggle" data-activates="tests-toggle" data-constrainwidth="true" data-beloworigin="true" data-hover="true" href="#"> <i class="material-icons">warning</i> Status </a> 
       <ul id="tests-toggle" class="dropdown-content"> 
        <li status="skip"><a href="#!">Skip <i class="material-icons cyan-text">redo</i></a></li> 
        <li class="divider"></li> 
        <li status="clear" clear="true"><a href="#!">Clear Filters <i class="material-icons">clear</i></a></li> 
       </ul> 
      </div> 
      <!-- test toggle --> 
      <!-- category toggle --> 
      <div class="chip transparent"> 
       <a class="dropdown-button category-toggle" data-activates="category-toggle" data-constrainwidth="false" data-beloworigin="true" data-hover="true" href="#"> <i class="material-icons">local_offer</i> Category </a> 
       <ul id="category-toggle" class="dropdown-content"> 
        <li><a href="#">SimplePageTest</a></li> 
        <li><a href="#">SimplePageTest2</a></li> 
        <li class="divider"></li> 
        <li class="clear"><a href="#!" clear="true">Clear Filters</a></li> 
       </ul> 
      </div> 
      <!-- category toggle --> 
      <!-- clear filters --> 
      <div class="chip transparent hide"> 
       <a class="" id="clear-filters" alt="Clear Filters" title="Clear Filters"> <i class="material-icons">close</i> Clear </a> 
      </div> 
      <!-- clear filters --> 
      <!-- enable dashboard --> 
      <div id="toggle-test-view-charts" class="chip transparent"> 
       <a class="pink-text" id="enable-dashboard" alt="Enable Dashboard" title="Enable Dashboard"> <i class="material-icons">track_changes</i> Dashboard </a> 
      </div> 
      <!-- enable dashboard --> 
      <!-- search --> 
      <div class="chip transparent" alt="Search Tests" title="Search Tests"> 
       <a href="#" class="search-div"> <i class="material-icons">search</i> Search </a> 
       <div class="input-field left hide"> 
        <input id="search-tests" type="text" class="validate browser-default" placeholder="Search Tests..."> 
       </div> 
      </div> 
      <!-- search --> 
     </div> 
    </section> 
    <div id="test-view-charts" class="subview-full"> 
     <div id="charts-row" class="row nm-v nm-h"> 
      <div class="col s12 m6 l6 np-h"> 
       <div class="card-panel nm-v"> 
        <div class="left panel-name">
         Tests
        </div> 
        <div class="chart-box"> 
         <canvas id="parent-analysis" width="100" height="80"></canvas> 
        </div> 
        <div class="block text-small"> 
         <span class="tooltipped" data-position="top" data-tooltip="0%"><span class="strong">0</span> test(s) passed</span> 
        </div> 
        <div class="block text-small"> 
         <span class="strong tooltipped" data-position="top" data-tooltip="0%">0</span> test(s) failed, 
         <span class="strong tooltipped" data-position="top" data-tooltip="100%">3</span> others 
        </div> 
       </div> 
      </div> 
      <div class="col s12 m6 l6 np-h"> 
       <div class="card-panel nm-v"> 
        <div class="left panel-name">
         Steps
        </div> 
        <div class="chart-box"> 
         <canvas id="child-analysis" width="100" height="80"></canvas> 
        </div> 
        <div class="block text-small"> 
         <span class="tooltipped" data-position="top" data-tooltip="0%"><span class="strong">0</span> step(s) passed</span> 
        </div> 
        <div class="block text-small"> 
         <span class="strong tooltipped" data-position="top" data-tooltip="0%">0</span> step(s) failed, 
         <span class="strong tooltipped" data-position="top" data-tooltip="100%">3</span> others 
        </div> 
       </div> 
      </div> 
     </div> 
    </div> 
    <div class="subview-left left"> 
     <div class="view-summary"> 
      <h5>Tests</h5> 
      <ul id="test-collection" class="test-collection"> 
       <li class="test displayed active  skip" status="skip" bdd="false" test-id="1"> 
        <div class="test-heading"> 
         <span class="test-name">SimplePageTest/test</span> 
         <span class="test-time">May 22, 2020 02:09:02 PM</span> 
         <span class="test-status right skip">skip</span> 
        </div> 
        <div class="test-content hide"> 
         <div class="test-time-info"> 
          <span class="label start-time">May 22, 2020 02:09:02 PM</span> 
          <span class="label end-time">May 22, 2020 02:09:02 PM</span> 
          <span class="label time-taken grey lighten-1 white-text">0h 0m 0s+4ms</span> 
         </div> 
         <div class="test-attributes"> 
          <div class="category-list"> 
           <span class="category label white-text">SimplePageTest</span> 
          </div> 
         </div> 
         <div class="test-steps"> 
          <table class="bordered table-results"> 
           <thead> 
            <tr> 
             <th>Status</th> 
             <th>Timestamp</th> 
             <th>Details</th> 
            </tr> 
           </thead> 
           <tbody> 
            <tr class="log" status="skip"> 
             <td class="status skip" title="skip" alt="skip"><i class="material-icons">redo</i></td> 
             <td class="timestamp">2:09:02 PM</td> 
             <td class="step-details"><textarea>org.openqa.selenium.SessionNotCreatedException: session not created: This version of ChromeDriver only supports Chrome version 80
Build info: version: '3.141.59', revision: 'e82be7d358', time: '2018-11-14T08:17:03'
System info: host: 'JEHNYFFM1', ip: '10.0.0.114', os.name: 'Windows 10', os.arch: 'amd64', os.version: '10.0', java.version: '1.8.0_251'
Driver info: driver.version: ChromeDriver
remote stacktrace: Backtrace:
	Ordinal0 [0x007F0C83+1707139]
	Ordinal0 [0x007568F1+1075441]
	Ordinal0 [0x006CDFC9+516041]
	Ordinal0 [0x00660554+66900]
	Ordinal0 [0x0065CCE2+52450]
	Ordinal0 [0x0067BFD7+180183]
	Ordinal0 [0x0067BDDD+179677]
	Ordinal0 [0x00679D4B+171339]
	Ordinal0 [0x00661D4A+73034]
	Ordinal0 [0x00662DC0+77248]
	Ordinal0 [0x00662D59+77145]
	Ordinal0 [0x0076BB67+1162087]
	GetHandleVerifier [0x0088A966+508998]
	GetHandleVerifier [0x0088A6A4+508292]
	GetHandleVerifier [0x0089F7B7+594583]
	GetHandleVerifier [0x0088B1D6+511158]
	Ordinal0 [0x0076402C+1130540]
	Ordinal0 [0x0076D4CB+1168587]
	Ordinal0 [0x0076D633+1168947]
	Ordinal0 [0x00785B35+1268533]
	BaseThreadInitThunk [0x765A6359+25]
	RtlGetAppContainerNamedObjectPath [0x77DA7B74+228]
	RtlGetAppContainerNamedObjectPath [0x77DA7B44+180]

	at sun.reflect.NativeConstructorAccessorImpl.newInstance0(Native Method)
	at sun.reflect.NativeConstructorAccessorImpl.newInstance(Unknown Source)
	at sun.reflect.DelegatingConstructorAccessorImpl.newInstance(Unknown Source)
	at java.lang.reflect.Constructor.newInstance(Unknown Source)
	at org.openqa.selenium.remote.W3CHandshakeResponse.lambda$errorHandler$0(W3CHandshakeResponse.java:62)
	at org.openqa.selenium.remote.HandshakeResponse.lambda$getResponseFunction$0(HandshakeResponse.java:30)
	at org.openqa.selenium.remote.ProtocolHandshake.lambda$createSession$0(ProtocolHandshake.java:126)
	at java.util.stream.ReferencePipeline$3$1.accept(Unknown Source)
	at java.util.Spliterators$ArraySpliterator.tryAdvance(Unknown Source)
	at java.util.stream.ReferencePipeline.forEachWithCancel(Unknown Source)
	at java.util.stream.AbstractPipeline.copyIntoWithCancel(Unknown Source)
	at java.util.stream.AbstractPipeline.copyInto(Unknown Source)
	at java.util.stream.AbstractPipeline.wrapAndCopyInto(Unknown Source)
	at java.util.stream.FindOps$FindOp.evaluateSequential(Unknown Source)
	at java.util.stream.AbstractPipeline.evaluate(Unknown Source)
	at java.util.stream.ReferencePipeline.findFirst(Unknown Source)
	at org.openqa.selenium.remote.ProtocolHandshake.createSession(ProtocolHandshake.java:128)
	at org.openqa.selenium.remote.ProtocolHandshake.createSession(ProtocolHandshake.java:74)
	at org.openqa.selenium.remote.HttpCommandExecutor.execute(HttpCommandExecutor.java:136)
	at org.openqa.selenium.remote.service.DriverCommandExecutor.execute(DriverCommandExecutor.java:83)
	at org.openqa.selenium.remote.RemoteWebDriver.execute(RemoteWebDriver.java:552)
	at org.openqa.selenium.remote.RemoteWebDriver.startSession(RemoteWebDriver.java:213)
	at org.openqa.selenium.remote.RemoteWebDriver.&lt;init&gt;(RemoteWebDriver.java:131)
	at org.openqa.selenium.chrome.ChromeDriver.&lt;init&gt;(ChromeDriver.java:181)
	at org.openqa.selenium.chrome.ChromeDriver.&lt;init&gt;(ChromeDriver.java:168)
	at org.openqa.selenium.chrome.ChromeDriver.&lt;init&gt;(ChromeDriver.java:123)
	at sample.base.BaseTest.openChromeBrowser(BaseTest.java:171)
	at sample.base.BaseTest.openBrowser(BaseTest.java:153)
	at sample.base.BaseTest.setUpBeforeTest(BaseTest.java:123)
	at sun.reflect.NativeMethodAccessorImpl.invoke0(Native Method)
	at sun.reflect.NativeMethodAccessorImpl.invoke(Unknown Source)
	at sun.reflect.DelegatingMethodAccessorImpl.invoke(Unknown Source)
	at java.lang.reflect.Method.invoke(Unknown Source)
	at org.testng.internal.MethodInvocationHelper.invokeMethod(MethodInvocationHelper.java:108)
	at org.testng.internal.Invoker.invokeConfigurationMethod(Invoker.java:523)
	at org.testng.internal.Invoker.invokeConfigurations(Invoker.java:224)
	at org.testng.internal.Invoker.invokeConfigurations(Invoker.java:146)
	at org.testng.TestRunner.beforeRun(TestRunner.java:626)
	at org.testng.TestRunner.run(TestRunner.java:594)
	at org.testng.SuiteRunner.runTest(SuiteRunner.java:380)
	at org.testng.SuiteRunner.runSequentially(SuiteRunner.java:375)
	at org.testng.SuiteRunner.privateRun(SuiteRunner.java:340)
	at org.testng.SuiteRunner.run(SuiteRunner.java:289)
	at org.testng.SuiteRunnerWorker.runSuite(SuiteRunnerWorker.java:52)
	at org.testng.SuiteRunnerWorker.run(SuiteRunnerWorker.java:86)
	at org.testng.TestNG.runSuitesSequentially(TestNG.java:1301)
	at org.testng.TestNG.runSuitesLocally(TestNG.java:1226)
	at org.testng.TestNG.runSuites(TestNG.java:1144)
	at org.testng.TestNG.run(TestNG.java:1115)
	at org.apache.maven.surefire.testng.TestNGExecutor.run(TestNGExecutor.java:281)
	at org.apache.maven.surefire.testng.TestNGXmlTestSuite.execute(TestNGXmlTestSuite.java:75)
	at org.apache.maven.surefire.testng.TestNGProvider.invoke(TestNGProvider.java:121)
	at org.apache.maven.surefire.booter.ForkedBooter.invokeProviderInSameClassLoader(ForkedBooter.java:290)
	at org.apache.maven.surefire.booter.ForkedBooter.runSuitesInProcess(ForkedBooter.java:242)
	at org.apache.maven.surefire.booter.ForkedBooter.main(ForkedBooter.java:121)
</textarea></td> 
            </tr> 
           </tbody> 
          </table> 
         </div> 
        </div> </li> 
       <li class="test displayed active  skip" status="skip" bdd="false" test-id="2"> 
        <div class="test-heading"> 
         <span class="test-name">SimplePageTest/test2</span> 
         <span class="test-time">May 22, 2020 02:09:03 PM</span> 
         <span class="test-status right skip">skip</span> 
        </div> 
        <div class="test-content hide"> 
         <div class="test-time-info"> 
          <span class="label start-time">May 22, 2020 02:09:03 PM</span> 
          <span class="label end-time">May 22, 2020 02:09:03 PM</span> 
          <span class="label time-taken grey lighten-1 white-text">0h 0m 0s+0ms</span> 
         </div> 
         <div class="test-attributes"> 
          <div class="category-list"> 
           <span class="category label white-text">SimplePageTest</span> 
          </div> 
         </div> 
         <div class="test-steps"> 
          <table class="bordered table-results"> 
           <thead> 
            <tr> 
             <th>Status</th> 
             <th>Timestamp</th> 
             <th>Details</th> 
            </tr> 
           </thead> 
           <tbody> 
            <tr class="log" status="skip"> 
             <td class="status skip" title="skip" alt="skip"><i class="material-icons">redo</i></td> 
             <td class="timestamp">2:09:03 PM</td> 
             <td class="step-details"><textarea>org.openqa.selenium.SessionNotCreatedException: session not created: This version of ChromeDriver only supports Chrome version 80
Build info: version: '3.141.59', revision: 'e82be7d358', time: '2018-11-14T08:17:03'
System info: host: 'JEHNYFFM1', ip: '10.0.0.114', os.name: 'Windows 10', os.arch: 'amd64', os.version: '10.0', java.version: '1.8.0_251'
Driver info: driver.version: ChromeDriver
remote stacktrace: Backtrace:
	Ordinal0 [0x007F0C83+1707139]
	Ordinal0 [0x007568F1+1075441]
	Ordinal0 [0x006CDFC9+516041]
	Ordinal0 [0x00660554+66900]
	Ordinal0 [0x0065CCE2+52450]
	Ordinal0 [0x0067BFD7+180183]
	Ordinal0 [0x0067BDDD+179677]
	Ordinal0 [0x00679D4B+171339]
	Ordinal0 [0x00661D4A+73034]
	Ordinal0 [0x00662DC0+77248]
	Ordinal0 [0x00662D59+77145]
	Ordinal0 [0x0076BB67+1162087]
	GetHandleVerifier [0x0088A966+508998]
	GetHandleVerifier [0x0088A6A4+508292]
	GetHandleVerifier [0x0089F7B7+594583]
	GetHandleVerifier [0x0088B1D6+511158]
	Ordinal0 [0x0076402C+1130540]
	Ordinal0 [0x0076D4CB+1168587]
	Ordinal0 [0x0076D633+1168947]
	Ordinal0 [0x00785B35+1268533]
	BaseThreadInitThunk [0x765A6359+25]
	RtlGetAppContainerNamedObjectPath [0x77DA7B74+228]
	RtlGetAppContainerNamedObjectPath [0x77DA7B44+180]

	at sun.reflect.NativeConstructorAccessorImpl.newInstance0(Native Method)
	at sun.reflect.NativeConstructorAccessorImpl.newInstance(Unknown Source)
	at sun.reflect.DelegatingConstructorAccessorImpl.newInstance(Unknown Source)
	at java.lang.reflect.Constructor.newInstance(Unknown Source)
	at org.openqa.selenium.remote.W3CHandshakeResponse.lambda$errorHandler$0(W3CHandshakeResponse.java:62)
	at org.openqa.selenium.remote.HandshakeResponse.lambda$getResponseFunction$0(HandshakeResponse.java:30)
	at org.openqa.selenium.remote.ProtocolHandshake.lambda$createSession$0(ProtocolHandshake.java:126)
	at java.util.stream.ReferencePipeline$3$1.accept(Unknown Source)
	at java.util.Spliterators$ArraySpliterator.tryAdvance(Unknown Source)
	at java.util.stream.ReferencePipeline.forEachWithCancel(Unknown Source)
	at java.util.stream.AbstractPipeline.copyIntoWithCancel(Unknown Source)
	at java.util.stream.AbstractPipeline.copyInto(Unknown Source)
	at java.util.stream.AbstractPipeline.wrapAndCopyInto(Unknown Source)
	at java.util.stream.FindOps$FindOp.evaluateSequential(Unknown Source)
	at java.util.stream.AbstractPipeline.evaluate(Unknown Source)
	at java.util.stream.ReferencePipeline.findFirst(Unknown Source)
	at org.openqa.selenium.remote.ProtocolHandshake.createSession(ProtocolHandshake.java:128)
	at org.openqa.selenium.remote.ProtocolHandshake.createSession(ProtocolHandshake.java:74)
	at org.openqa.selenium.remote.HttpCommandExecutor.execute(HttpCommandExecutor.java:136)
	at org.openqa.selenium.remote.service.DriverCommandExecutor.execute(DriverCommandExecutor.java:83)
	at org.openqa.selenium.remote.RemoteWebDriver.execute(RemoteWebDriver.java:552)
	at org.openqa.selenium.remote.RemoteWebDriver.startSession(RemoteWebDriver.java:213)
	at org.openqa.selenium.remote.RemoteWebDriver.&lt;init&gt;(RemoteWebDriver.java:131)
	at org.openqa.selenium.chrome.ChromeDriver.&lt;init&gt;(ChromeDriver.java:181)
	at org.openqa.selenium.chrome.ChromeDriver.&lt;init&gt;(ChromeDriver.java:168)
	at org.openqa.selenium.chrome.ChromeDriver.&lt;init&gt;(ChromeDriver.java:123)
	at sample.base.BaseTest.openChromeBrowser(BaseTest.java:171)
	at sample.base.BaseTest.openBrowser(BaseTest.java:153)
	at sample.base.BaseTest.setUpBeforeTest(BaseTest.java:123)
	at sun.reflect.NativeMethodAccessorImpl.invoke0(Native Method)
	at sun.reflect.NativeMethodAccessorImpl.invoke(Unknown Source)
	at sun.reflect.DelegatingMethodAccessorImpl.invoke(Unknown Source)
	at java.lang.reflect.Method.invoke(Unknown Source)
	at org.testng.internal.MethodInvocationHelper.invokeMethod(MethodInvocationHelper.java:108)
	at org.testng.internal.Invoker.invokeConfigurationMethod(Invoker.java:523)
	at org.testng.internal.Invoker.invokeConfigurations(Invoker.java:224)
	at org.testng.internal.Invoker.invokeConfigurations(Invoker.java:146)
	at org.testng.TestRunner.beforeRun(TestRunner.java:626)
	at org.testng.TestRunner.run(TestRunner.java:594)
	at org.testng.SuiteRunner.runTest(SuiteRunner.java:380)
	at org.testng.SuiteRunner.runSequentially(SuiteRunner.java:375)
	at org.testng.SuiteRunner.privateRun(SuiteRunner.java:340)
	at org.testng.SuiteRunner.run(SuiteRunner.java:289)
	at org.testng.SuiteRunnerWorker.runSuite(SuiteRunnerWorker.java:52)
	at org.testng.SuiteRunnerWorker.run(SuiteRunnerWorker.java:86)
	at org.testng.TestNG.runSuitesSequentially(TestNG.java:1301)
	at org.testng.TestNG.runSuitesLocally(TestNG.java:1226)
	at org.testng.TestNG.runSuites(TestNG.java:1144)
	at org.testng.TestNG.run(TestNG.java:1115)
	at org.apache.maven.surefire.testng.TestNGExecutor.run(TestNGExecutor.java:281)
	at org.apache.maven.surefire.testng.TestNGXmlTestSuite.execute(TestNGXmlTestSuite.java:75)
	at org.apache.maven.surefire.testng.TestNGProvider.invoke(TestNGProvider.java:121)
	at org.apache.maven.surefire.booter.ForkedBooter.invokeProviderInSameClassLoader(ForkedBooter.java:290)
	at org.apache.maven.surefire.booter.ForkedBooter.runSuitesInProcess(ForkedBooter.java:242)
	at org.apache.maven.surefire.booter.ForkedBooter.main(ForkedBooter.java:121)
</textarea></td> 
            </tr> 
           </tbody> 
          </table> 
         </div> 
        </div> </li> 
       <li class="test displayed active  skip" status="skip" bdd="false" test-id="3"> 
        <div class="test-heading"> 
         <span class="test-name">SimplePageTest2/test3</span> 
         <span class="test-time">May 22, 2020 02:09:03 PM</span> 
         <span class="test-status right skip">skip</span> 
        </div> 
        <div class="test-content hide"> 
         <div class="test-time-info"> 
          <span class="label start-time">May 22, 2020 02:09:03 PM</span> 
          <span class="label end-time">May 22, 2020 02:09:03 PM</span> 
          <span class="label time-taken grey lighten-1 white-text">0h 0m 0s+1ms</span> 
         </div> 
         <div class="test-attributes"> 
          <div class="category-list"> 
           <span class="category label white-text">SimplePageTest2</span> 
          </div> 
         </div> 
         <div class="test-steps"> 
          <table class="bordered table-results"> 
           <thead> 
            <tr> 
             <th>Status</th> 
             <th>Timestamp</th> 
             <th>Details</th> 
            </tr> 
           </thead> 
           <tbody> 
            <tr class="log" status="skip"> 
             <td class="status skip" title="skip" alt="skip"><i class="material-icons">redo</i></td> 
             <td class="timestamp">2:09:03 PM</td> 
             <td class="step-details"><textarea>org.openqa.selenium.SessionNotCreatedException: session not created: This version of ChromeDriver only supports Chrome version 80
Build info: version: '3.141.59', revision: 'e82be7d358', time: '2018-11-14T08:17:03'
System info: host: 'JEHNYFFM1', ip: '10.0.0.114', os.name: 'Windows 10', os.arch: 'amd64', os.version: '10.0', java.version: '1.8.0_251'
Driver info: driver.version: ChromeDriver
remote stacktrace: Backtrace:
	Ordinal0 [0x007F0C83+1707139]
	Ordinal0 [0x007568F1+1075441]
	Ordinal0 [0x006CDFC9+516041]
	Ordinal0 [0x00660554+66900]
	Ordinal0 [0x0065CCE2+52450]
	Ordinal0 [0x0067BFD7+180183]
	Ordinal0 [0x0067BDDD+179677]
	Ordinal0 [0x00679D4B+171339]
	Ordinal0 [0x00661D4A+73034]
	Ordinal0 [0x00662DC0+77248]
	Ordinal0 [0x00662D59+77145]
	Ordinal0 [0x0076BB67+1162087]
	GetHandleVerifier [0x0088A966+508998]
	GetHandleVerifier [0x0088A6A4+508292]
	GetHandleVerifier [0x0089F7B7+594583]
	GetHandleVerifier [0x0088B1D6+511158]
	Ordinal0 [0x0076402C+1130540]
	Ordinal0 [0x0076D4CB+1168587]
	Ordinal0 [0x0076D633+1168947]
	Ordinal0 [0x00785B35+1268533]
	BaseThreadInitThunk [0x765A6359+25]
	RtlGetAppContainerNamedObjectPath [0x77DA7B74+228]
	RtlGetAppContainerNamedObjectPath [0x77DA7B44+180]

	at sun.reflect.NativeConstructorAccessorImpl.newInstance0(Native Method)
	at sun.reflect.NativeConstructorAccessorImpl.newInstance(Unknown Source)
	at sun.reflect.DelegatingConstructorAccessorImpl.newInstance(Unknown Source)
	at java.lang.reflect.Constructor.newInstance(Unknown Source)
	at org.openqa.selenium.remote.W3CHandshakeResponse.lambda$errorHandler$0(W3CHandshakeResponse.java:62)
	at org.openqa.selenium.remote.HandshakeResponse.lambda$getResponseFunction$0(HandshakeResponse.java:30)
	at org.openqa.selenium.remote.ProtocolHandshake.lambda$createSession$0(ProtocolHandshake.java:126)
	at java.util.stream.ReferencePipeline$3$1.accept(Unknown Source)
	at java.util.Spliterators$ArraySpliterator.tryAdvance(Unknown Source)
	at java.util.stream.ReferencePipeline.forEachWithCancel(Unknown Source)
	at java.util.stream.AbstractPipeline.copyIntoWithCancel(Unknown Source)
	at java.util.stream.AbstractPipeline.copyInto(Unknown Source)
	at java.util.stream.AbstractPipeline.wrapAndCopyInto(Unknown Source)
	at java.util.stream.FindOps$FindOp.evaluateSequential(Unknown Source)
	at java.util.stream.AbstractPipeline.evaluate(Unknown Source)
	at java.util.stream.ReferencePipeline.findFirst(Unknown Source)
	at org.openqa.selenium.remote.ProtocolHandshake.createSession(ProtocolHandshake.java:128)
	at org.openqa.selenium.remote.ProtocolHandshake.createSession(ProtocolHandshake.java:74)
	at org.openqa.selenium.remote.HttpCommandExecutor.execute(HttpCommandExecutor.java:136)
	at org.openqa.selenium.remote.service.DriverCommandExecutor.execute(DriverCommandExecutor.java:83)
	at org.openqa.selenium.remote.RemoteWebDriver.execute(RemoteWebDriver.java:552)
	at org.openqa.selenium.remote.RemoteWebDriver.startSession(RemoteWebDriver.java:213)
	at org.openqa.selenium.remote.RemoteWebDriver.&lt;init&gt;(RemoteWebDriver.java:131)
	at org.openqa.selenium.chrome.ChromeDriver.&lt;init&gt;(ChromeDriver.java:181)
	at org.openqa.selenium.chrome.ChromeDriver.&lt;init&gt;(ChromeDriver.java:168)
	at org.openqa.selenium.chrome.ChromeDriver.&lt;init&gt;(ChromeDriver.java:123)
	at sample.base.BaseTest.openChromeBrowser(BaseTest.java:171)
	at sample.base.BaseTest.openBrowser(BaseTest.java:153)
	at sample.base.BaseTest.setUpBeforeTest(BaseTest.java:123)
	at sun.reflect.NativeMethodAccessorImpl.invoke0(Native Method)
	at sun.reflect.NativeMethodAccessorImpl.invoke(Unknown Source)
	at sun.reflect.DelegatingMethodAccessorImpl.invoke(Unknown Source)
	at java.lang.reflect.Method.invoke(Unknown Source)
	at org.testng.internal.MethodInvocationHelper.invokeMethod(MethodInvocationHelper.java:108)
	at org.testng.internal.Invoker.invokeConfigurationMethod(Invoker.java:523)
	at org.testng.internal.Invoker.invokeConfigurations(Invoker.java:224)
	at org.testng.internal.Invoker.invokeConfigurations(Invoker.java:146)
	at org.testng.TestRunner.beforeRun(TestRunner.java:626)
	at org.testng.TestRunner.run(TestRunner.java:594)
	at org.testng.SuiteRunner.runTest(SuiteRunner.java:380)
	at org.testng.SuiteRunner.runSequentially(SuiteRunner.java:375)
	at org.testng.SuiteRunner.privateRun(SuiteRunner.java:340)
	at org.testng.SuiteRunner.run(SuiteRunner.java:289)
	at org.testng.SuiteRunnerWorker.runSuite(SuiteRunnerWorker.java:52)
	at org.testng.SuiteRunnerWorker.run(SuiteRunnerWorker.java:86)
	at org.testng.TestNG.runSuitesSequentially(TestNG.java:1301)
	at org.testng.TestNG.runSuitesLocally(TestNG.java:1226)
	at org.testng.TestNG.runSuites(TestNG.java:1144)
	at org.testng.TestNG.run(TestNG.java:1115)
	at org.apache.maven.surefire.testng.TestNGExecutor.run(TestNGExecutor.java:281)
	at org.apache.maven.surefire.testng.TestNGXmlTestSuite.execute(TestNGXmlTestSuite.java:75)
	at org.apache.maven.surefire.testng.TestNGProvider.invoke(TestNGProvider.java:121)
	at org.apache.maven.surefire.booter.ForkedBooter.invokeProviderInSameClassLoader(ForkedBooter.java:290)
	at org.apache.maven.surefire.booter.ForkedBooter.runSuitesInProcess(ForkedBooter.java:242)
	at org.apache.maven.surefire.booter.ForkedBooter.main(ForkedBooter.java:121)
</textarea></td> 
            </tr> 
           </tbody> 
          </table> 
         </div> 
        </div> </li> 
      </ul> 
     </div> 
    </div> 
    <!-- subview left --> 
    <div class="subview-right left"> 
     <div class="view-summary"> 
      <h5 class="test-name"></h5> 
      <div id="step-filters" class="right"> 
       <span class="blue-text" status="info" alt="info" title="info"><i class="material-icons">info_outline</i></span> 
       <span class="green-text" status="pass" alt="pass" title="pass"><i class="material-icons">check_circle</i></span> 
       <span class="red-text" status="fail" alt="fail" title="fail"><i class="material-icons">cancel</i></span> 
       <span class="red-text text-darken-4" status="fatal" alt="fatal" title="fatal"><i class="material-icons">cancel</i></span> 
       <span class="pink-text text-lighten-1" status="error" alt="error" title="error"><i class="material-icons">error</i></span> 
       <span class="orange-text" alt="warning" status="warning" title="warning"><i class="material-icons">warning</i></span> 
       <span class="teal-text" status="skip" alt="skip" title="skip"><i class="material-icons">redo</i></span> 
       <span status="clear" alt="Clear filters" title="Clear filters"><i class="material-icons">clear</i></span> 
      </div> 
     </div> 
    </div> 
    <!-- subview right --> 
   </div> 
   <!-- test view --> 
   <div id="category-view" class="view hide"> 
    <section id="controls"> 
     <div class="controls grey lighten-4"> 
      <!-- search --> 
      <div class="chip transparent" alt="Search Tests" title="Search Tests"> 
       <a href="#" class="search-div"> <i class="material-icons">search</i> Search </a> 
       <div class="input-field left hide"> 
        <input id="search-tests" type="text" class="validate browser-default" placeholder="Search Tests..."> 
       </div> 
      </div> 
      <!-- search --> 
     </div> 
    </section> 
    <div class="subview-left left"> 
     <div class="view-summary"> 
      <h5>Categories</h5> 
      <ul id="category-collection" class="category-collection"> 
       <li class="category displayed active"> 
        <div class="category-heading"> 
         <span class="category-name">SimplePageTest</span> 
         <span class="category-status right"> <span class="label others">2</span> </span> 
        </div> 
        <div class="category-content hide"> 
         <div class="category-status-counts"> 
          <span class="label yellow darken-2 white-text">Others: 2</span> 
         </div> 
         <div class="category-tests"> 
          <table class="bordered table-results"> 
           <thead> 
            <tr> 
             <th>Timestamp</th> 
             <th>TestName</th> 
             <th>Status</th> 
            </tr> 
           </thead> 
           <tbody> 
            <tr> 
             <td>May 22, 2020 02:09:02 PM</td> 
             <td class="linked" test-id="1">SimplePageTest/test</td> 
             <td><span class="test-status skip">skip</span></td> 
            </tr> 
            <tr> 
             <td>May 22, 2020 02:09:03 PM</td> 
             <td class="linked" test-id="2">SimplePageTest/test2</td> 
             <td><span class="test-status skip">skip</span></td> 
            </tr> 
           </tbody> 
          </table> 
         </div> 
        </div> </li> 
       <li class="category displayed active"> 
        <div class="category-heading"> 
         <span class="category-name">SimplePageTest2</span> 
         <span class="category-status right"> <span class="label others">1</span> </span> 
        </div> 
        <div class="category-content hide"> 
         <div class="category-status-counts"> 
          <span class="label yellow darken-2 white-text">Others: 1</span> 
         </div> 
         <div class="category-tests"> 
          <table class="bordered table-results"> 
           <thead> 
            <tr> 
             <th>Timestamp</th> 
             <th>TestName</th> 
             <th>Status</th> 
            </tr> 
           </thead> 
           <tbody> 
            <tr> 
             <td>May 22, 2020 02:09:03 PM</td> 
             <td class="linked" test-id="3">SimplePageTest2/test3</td> 
             <td><span class="test-status skip">skip</span></td> 
            </tr> 
           </tbody> 
          </table> 
         </div> 
        </div> </li> 
      </ul> 
     </div> 
    </div> 
    <div class="subview-right left"> 
     <div class="view-summary"> 
      <h5 class="category-name"></h5> 
     </div> 
    </div> 
   </div> 
   <!-- category view --> 
   <div id="exception-view" class="view hide"> 
    <section id="controls"> 
     <div class="controls grey lighten-4"> 
      <!-- search --> 
      <div class="chip transparent" alt="Search Tests" title="Search Tests"> 
       <a href="#" class="search-div"> <i class="material-icons">search</i> Search </a> 
       <div class="input-field left hide"> 
        <input id="search-tests" type="text" class="validate browser-default" placeholder="Search Tests..."> 
       </div> 
      </div> 
      <!-- search --> 
     </div> 
    </section> 
    <div class="subview-left left"> 
     <div class="view-summary"> 
      <h5>Exceptions</h5> 
      <ul id="exception-collection" class="exception-collection"> 
       <li class="exception displayed active"> 
        <div class="exception-heading"> 
         <span class="exception-name">org.openqa.selenium.SessionNotCreatedException</span> 
         <span class="exception-count right"><span class="label red lighten-1 white-text">3</span></span> 
        </div> 
        <div class="exception-content hide"> 
         <div class="exception-tests"> 
          <table class="bordered table-results"> 
           <thead> 
            <tr> 
             <th>Timestamp</th> 
             <th>TestName</th> 
             <th>Status</th> 
            </tr> 
           </thead> 
           <tbody> 
            <tr> 
             <td>May 22, 2020 02:09:02 PM</td> 
             <td class="linked" test-id="1">SimplePageTest/test</td> 
             <td><pre><textarea>org.openqa.selenium.SessionNotCreatedException: session not created: This version of ChromeDriver only supports Chrome version 80
Build info: version: '3.141.59', revision: 'e82be7d358', time: '2018-11-14T08:17:03'
System info: host: 'JEHNYFFM1', ip: '10.0.0.114', os.name: 'Windows 10', os.arch: 'amd64', os.version: '10.0', java.version: '1.8.0_251'
Driver info: driver.version: ChromeDriver
remote stacktrace: Backtrace:
	Ordinal0 [0x007F0C83+1707139]
	Ordinal0 [0x007568F1+1075441]
	Ordinal0 [0x006CDFC9+516041]
	Ordinal0 [0x00660554+66900]
	Ordinal0 [0x0065CCE2+52450]
	Ordinal0 [0x0067BFD7+180183]
	Ordinal0 [0x0067BDDD+179677]
	Ordinal0 [0x00679D4B+171339]
	Ordinal0 [0x00661D4A+73034]
	Ordinal0 [0x00662DC0+77248]
	Ordinal0 [0x00662D59+77145]
	Ordinal0 [0x0076BB67+1162087]
	GetHandleVerifier [0x0088A966+508998]
	GetHandleVerifier [0x0088A6A4+508292]
	GetHandleVerifier [0x0089F7B7+594583]
	GetHandleVerifier [0x0088B1D6+511158]
	Ordinal0 [0x0076402C+1130540]
	Ordinal0 [0x0076D4CB+1168587]
	Ordinal0 [0x0076D633+1168947]
	Ordinal0 [0x00785B35+1268533]
	BaseThreadInitThunk [0x765A6359+25]
	RtlGetAppContainerNamedObjectPath [0x77DA7B74+228]
	RtlGetAppContainerNamedObjectPath [0x77DA7B44+180]

	at sun.reflect.NativeConstructorAccessorImpl.newInstance0(Native Method)
	at sun.reflect.NativeConstructorAccessorImpl.newInstance(Unknown Source)
	at sun.reflect.DelegatingConstructorAccessorImpl.newInstance(Unknown Source)
	at java.lang.reflect.Constructor.newInstance(Unknown Source)
	at org.openqa.selenium.remote.W3CHandshakeResponse.lambda$errorHandler$0(W3CHandshakeResponse.java:62)
	at org.openqa.selenium.remote.HandshakeResponse.lambda$getResponseFunction$0(HandshakeResponse.java:30)
	at org.openqa.selenium.remote.ProtocolHandshake.lambda$createSession$0(ProtocolHandshake.java:126)
	at java.util.stream.ReferencePipeline$3$1.accept(Unknown Source)
	at java.util.Spliterators$ArraySpliterator.tryAdvance(Unknown Source)
	at java.util.stream.ReferencePipeline.forEachWithCancel(Unknown Source)
	at java.util.stream.AbstractPipeline.copyIntoWithCancel(Unknown Source)
	at java.util.stream.AbstractPipeline.copyInto(Unknown Source)
	at java.util.stream.AbstractPipeline.wrapAndCopyInto(Unknown Source)
	at java.util.stream.FindOps$FindOp.evaluateSequential(Unknown Source)
	at java.util.stream.AbstractPipeline.evaluate(Unknown Source)
	at java.util.stream.ReferencePipeline.findFirst(Unknown Source)
	at org.openqa.selenium.remote.ProtocolHandshake.createSession(ProtocolHandshake.java:128)
	at org.openqa.selenium.remote.ProtocolHandshake.createSession(ProtocolHandshake.java:74)
	at org.openqa.selenium.remote.HttpCommandExecutor.execute(HttpCommandExecutor.java:136)
	at org.openqa.selenium.remote.service.DriverCommandExecutor.execute(DriverCommandExecutor.java:83)
	at org.openqa.selenium.remote.RemoteWebDriver.execute(RemoteWebDriver.java:552)
	at org.openqa.selenium.remote.RemoteWebDriver.startSession(RemoteWebDriver.java:213)
	at org.openqa.selenium.remote.RemoteWebDriver.&lt;init&gt;(RemoteWebDriver.java:131)
	at org.openqa.selenium.chrome.ChromeDriver.&lt;init&gt;(ChromeDriver.java:181)
	at org.openqa.selenium.chrome.ChromeDriver.&lt;init&gt;(ChromeDriver.java:168)
	at org.openqa.selenium.chrome.ChromeDriver.&lt;init&gt;(ChromeDriver.java:123)
	at sample.base.BaseTest.openChromeBrowser(BaseTest.java:171)
	at sample.base.BaseTest.openBrowser(BaseTest.java:153)
	at sample.base.BaseTest.setUpBeforeTest(BaseTest.java:123)
	at sun.reflect.NativeMethodAccessorImpl.invoke0(Native Method)
	at sun.reflect.NativeMethodAccessorImpl.invoke(Unknown Source)
	at sun.reflect.DelegatingMethodAccessorImpl.invoke(Unknown Source)
	at java.lang.reflect.Method.invoke(Unknown Source)
	at org.testng.internal.MethodInvocationHelper.invokeMethod(MethodInvocationHelper.java:108)
	at org.testng.internal.Invoker.invokeConfigurationMethod(Invoker.java:523)
	at org.testng.internal.Invoker.invokeConfigurations(Invoker.java:224)
	at org.testng.internal.Invoker.invokeConfigurations(Invoker.java:146)
	at org.testng.TestRunner.beforeRun(TestRunner.java:626)
	at org.testng.TestRunner.run(TestRunner.java:594)
	at org.testng.SuiteRunner.runTest(SuiteRunner.java:380)
	at org.testng.SuiteRunner.runSequentially(SuiteRunner.java:375)
	at org.testng.SuiteRunner.privateRun(SuiteRunner.java:340)
	at org.testng.SuiteRunner.run(SuiteRunner.java:289)
	at org.testng.SuiteRunnerWorker.runSuite(SuiteRunnerWorker.java:52)
	at org.testng.SuiteRunnerWorker.run(SuiteRunnerWorker.java:86)
	at org.testng.TestNG.runSuitesSequentially(TestNG.java:1301)
	at org.testng.TestNG.runSuitesLocally(TestNG.java:1226)
	at org.testng.TestNG.runSuites(TestNG.java:1144)
	at org.testng.TestNG.run(TestNG.java:1115)
	at org.apache.maven.surefire.testng.TestNGExecutor.run(TestNGExecutor.java:281)
	at org.apache.maven.surefire.testng.TestNGXmlTestSuite.execute(TestNGXmlTestSuite.java:75)
	at org.apache.maven.surefire.testng.TestNGProvider.invoke(TestNGProvider.java:121)
	at org.apache.maven.surefire.booter.ForkedBooter.invokeProviderInSameClassLoader(ForkedBooter.java:290)
	at org.apache.maven.surefire.booter.ForkedBooter.runSuitesInProcess(ForkedBooter.java:242)
	at org.apache.maven.surefire.booter.ForkedBooter.main(ForkedBooter.java:121)
</textarea></pre></td> 
            </tr> 
            <tr> 
             <td>May 22, 2020 02:09:03 PM</td> 
             <td class="linked" test-id="2">SimplePageTest/test2</td> 
             <td><pre><textarea>org.openqa.selenium.SessionNotCreatedException: session not created: This version of ChromeDriver only supports Chrome version 80
Build info: version: '3.141.59', revision: 'e82be7d358', time: '2018-11-14T08:17:03'
System info: host: 'JEHNYFFM1', ip: '10.0.0.114', os.name: 'Windows 10', os.arch: 'amd64', os.version: '10.0', java.version: '1.8.0_251'
Driver info: driver.version: ChromeDriver
remote stacktrace: Backtrace:
	Ordinal0 [0x007F0C83+1707139]
	Ordinal0 [0x007568F1+1075441]
	Ordinal0 [0x006CDFC9+516041]
	Ordinal0 [0x00660554+66900]
	Ordinal0 [0x0065CCE2+52450]
	Ordinal0 [0x0067BFD7+180183]
	Ordinal0 [0x0067BDDD+179677]
	Ordinal0 [0x00679D4B+171339]
	Ordinal0 [0x00661D4A+73034]
	Ordinal0 [0x00662DC0+77248]
	Ordinal0 [0x00662D59+77145]
	Ordinal0 [0x0076BB67+1162087]
	GetHandleVerifier [0x0088A966+508998]
	GetHandleVerifier [0x0088A6A4+508292]
	GetHandleVerifier [0x0089F7B7+594583]
	GetHandleVerifier [0x0088B1D6+511158]
	Ordinal0 [0x0076402C+1130540]
	Ordinal0 [0x0076D4CB+1168587]
	Ordinal0 [0x0076D633+1168947]
	Ordinal0 [0x00785B35+1268533]
	BaseThreadInitThunk [0x765A6359+25]
	RtlGetAppContainerNamedObjectPath [0x77DA7B74+228]
	RtlGetAppContainerNamedObjectPath [0x77DA7B44+180]

	at sun.reflect.NativeConstructorAccessorImpl.newInstance0(Native Method)
	at sun.reflect.NativeConstructorAccessorImpl.newInstance(Unknown Source)
	at sun.reflect.DelegatingConstructorAccessorImpl.newInstance(Unknown Source)
	at java.lang.reflect.Constructor.newInstance(Unknown Source)
	at org.openqa.selenium.remote.W3CHandshakeResponse.lambda$errorHandler$0(W3CHandshakeResponse.java:62)
	at org.openqa.selenium.remote.HandshakeResponse.lambda$getResponseFunction$0(HandshakeResponse.java:30)
	at org.openqa.selenium.remote.ProtocolHandshake.lambda$createSession$0(ProtocolHandshake.java:126)
	at java.util.stream.ReferencePipeline$3$1.accept(Unknown Source)
	at java.util.Spliterators$ArraySpliterator.tryAdvance(Unknown Source)
	at java.util.stream.ReferencePipeline.forEachWithCancel(Unknown Source)
	at java.util.stream.AbstractPipeline.copyIntoWithCancel(Unknown Source)
	at java.util.stream.AbstractPipeline.copyInto(Unknown Source)
	at java.util.stream.AbstractPipeline.wrapAndCopyInto(Unknown Source)
	at java.util.stream.FindOps$FindOp.evaluateSequential(Unknown Source)
	at java.util.stream.AbstractPipeline.evaluate(Unknown Source)
	at java.util.stream.ReferencePipeline.findFirst(Unknown Source)
	at org.openqa.selenium.remote.ProtocolHandshake.createSession(ProtocolHandshake.java:128)
	at org.openqa.selenium.remote.ProtocolHandshake.createSession(ProtocolHandshake.java:74)
	at org.openqa.selenium.remote.HttpCommandExecutor.execute(HttpCommandExecutor.java:136)
	at org.openqa.selenium.remote.service.DriverCommandExecutor.execute(DriverCommandExecutor.java:83)
	at org.openqa.selenium.remote.RemoteWebDriver.execute(RemoteWebDriver.java:552)
	at org.openqa.selenium.remote.RemoteWebDriver.startSession(RemoteWebDriver.java:213)
	at org.openqa.selenium.remote.RemoteWebDriver.&lt;init&gt;(RemoteWebDriver.java:131)
	at org.openqa.selenium.chrome.ChromeDriver.&lt;init&gt;(ChromeDriver.java:181)
	at org.openqa.selenium.chrome.ChromeDriver.&lt;init&gt;(ChromeDriver.java:168)
	at org.openqa.selenium.chrome.ChromeDriver.&lt;init&gt;(ChromeDriver.java:123)
	at sample.base.BaseTest.openChromeBrowser(BaseTest.java:171)
	at sample.base.BaseTest.openBrowser(BaseTest.java:153)
	at sample.base.BaseTest.setUpBeforeTest(BaseTest.java:123)
	at sun.reflect.NativeMethodAccessorImpl.invoke0(Native Method)
	at sun.reflect.NativeMethodAccessorImpl.invoke(Unknown Source)
	at sun.reflect.DelegatingMethodAccessorImpl.invoke(Unknown Source)
	at java.lang.reflect.Method.invoke(Unknown Source)
	at org.testng.internal.MethodInvocationHelper.invokeMethod(MethodInvocationHelper.java:108)
	at org.testng.internal.Invoker.invokeConfigurationMethod(Invoker.java:523)
	at org.testng.internal.Invoker.invokeConfigurations(Invoker.java:224)
	at org.testng.internal.Invoker.invokeConfigurations(Invoker.java:146)
	at org.testng.TestRunner.beforeRun(TestRunner.java:626)
	at org.testng.TestRunner.run(TestRunner.java:594)
	at org.testng.SuiteRunner.runTest(SuiteRunner.java:380)
	at org.testng.SuiteRunner.runSequentially(SuiteRunner.java:375)
	at org.testng.SuiteRunner.privateRun(SuiteRunner.java:340)
	at org.testng.SuiteRunner.run(SuiteRunner.java:289)
	at org.testng.SuiteRunnerWorker.runSuite(SuiteRunnerWorker.java:52)
	at org.testng.SuiteRunnerWorker.run(SuiteRunnerWorker.java:86)
	at org.testng.TestNG.runSuitesSequentially(TestNG.java:1301)
	at org.testng.TestNG.runSuitesLocally(TestNG.java:1226)
	at org.testng.TestNG.runSuites(TestNG.java:1144)
	at org.testng.TestNG.run(TestNG.java:1115)
	at org.apache.maven.surefire.testng.TestNGExecutor.run(TestNGExecutor.java:281)
	at org.apache.maven.surefire.testng.TestNGXmlTestSuite.execute(TestNGXmlTestSuite.java:75)
	at org.apache.maven.surefire.testng.TestNGProvider.invoke(TestNGProvider.java:121)
	at org.apache.maven.surefire.booter.ForkedBooter.invokeProviderInSameClassLoader(ForkedBooter.java:290)
	at org.apache.maven.surefire.booter.ForkedBooter.runSuitesInProcess(ForkedBooter.java:242)
	at org.apache.maven.surefire.booter.ForkedBooter.main(ForkedBooter.java:121)
</textarea></pre></td> 
            </tr> 
            <tr> 
             <td>May 22, 2020 02:09:03 PM</td> 
             <td class="linked" test-id="3">SimplePageTest2/test3</td> 
             <td><pre><textarea>org.openqa.selenium.SessionNotCreatedException: session not created: This version of ChromeDriver only supports Chrome version 80
Build info: version: '3.141.59', revision: 'e82be7d358', time: '2018-11-14T08:17:03'
System info: host: 'JEHNYFFM1', ip: '10.0.0.114', os.name: 'Windows 10', os.arch: 'amd64', os.version: '10.0', java.version: '1.8.0_251'
Driver info: driver.version: ChromeDriver
remote stacktrace: Backtrace:
	Ordinal0 [0x007F0C83+1707139]
	Ordinal0 [0x007568F1+1075441]
	Ordinal0 [0x006CDFC9+516041]
	Ordinal0 [0x00660554+66900]
	Ordinal0 [0x0065CCE2+52450]
	Ordinal0 [0x0067BFD7+180183]
	Ordinal0 [0x0067BDDD+179677]
	Ordinal0 [0x00679D4B+171339]
	Ordinal0 [0x00661D4A+73034]
	Ordinal0 [0x00662DC0+77248]
	Ordinal0 [0x00662D59+77145]
	Ordinal0 [0x0076BB67+1162087]
	GetHandleVerifier [0x0088A966+508998]
	GetHandleVerifier [0x0088A6A4+508292]
	GetHandleVerifier [0x0089F7B7+594583]
	GetHandleVerifier [0x0088B1D6+511158]
	Ordinal0 [0x0076402C+1130540]
	Ordinal0 [0x0076D4CB+1168587]
	Ordinal0 [0x0076D633+1168947]
	Ordinal0 [0x00785B35+1268533]
	BaseThreadInitThunk [0x765A6359+25]
	RtlGetAppContainerNamedObjectPath [0x77DA7B74+228]
	RtlGetAppContainerNamedObjectPath [0x77DA7B44+180]

	at sun.reflect.NativeConstructorAccessorImpl.newInstance0(Native Method)
	at sun.reflect.NativeConstructorAccessorImpl.newInstance(Unknown Source)
	at sun.reflect.DelegatingConstructorAccessorImpl.newInstance(Unknown Source)
	at java.lang.reflect.Constructor.newInstance(Unknown Source)
	at org.openqa.selenium.remote.W3CHandshakeResponse.lambda$errorHandler$0(W3CHandshakeResponse.java:62)
	at org.openqa.selenium.remote.HandshakeResponse.lambda$getResponseFunction$0(HandshakeResponse.java:30)
	at org.openqa.selenium.remote.ProtocolHandshake.lambda$createSession$0(ProtocolHandshake.java:126)
	at java.util.stream.ReferencePipeline$3$1.accept(Unknown Source)
	at java.util.Spliterators$ArraySpliterator.tryAdvance(Unknown Source)
	at java.util.stream.ReferencePipeline.forEachWithCancel(Unknown Source)
	at java.util.stream.AbstractPipeline.copyIntoWithCancel(Unknown Source)
	at java.util.stream.AbstractPipeline.copyInto(Unknown Source)
	at java.util.stream.AbstractPipeline.wrapAndCopyInto(Unknown Source)
	at java.util.stream.FindOps$FindOp.evaluateSequential(Unknown Source)
	at java.util.stream.AbstractPipeline.evaluate(Unknown Source)
	at java.util.stream.ReferencePipeline.findFirst(Unknown Source)
	at org.openqa.selenium.remote.ProtocolHandshake.createSession(ProtocolHandshake.java:128)
	at org.openqa.selenium.remote.ProtocolHandshake.createSession(ProtocolHandshake.java:74)
	at org.openqa.selenium.remote.HttpCommandExecutor.execute(HttpCommandExecutor.java:136)
	at org.openqa.selenium.remote.service.DriverCommandExecutor.execute(DriverCommandExecutor.java:83)
	at org.openqa.selenium.remote.RemoteWebDriver.execute(RemoteWebDriver.java:552)
	at org.openqa.selenium.remote.RemoteWebDriver.startSession(RemoteWebDriver.java:213)
	at org.openqa.selenium.remote.RemoteWebDriver.&lt;init&gt;(RemoteWebDriver.java:131)
	at org.openqa.selenium.chrome.ChromeDriver.&lt;init&gt;(ChromeDriver.java:181)
	at org.openqa.selenium.chrome.ChromeDriver.&lt;init&gt;(ChromeDriver.java:168)
	at org.openqa.selenium.chrome.ChromeDriver.&lt;init&gt;(ChromeDriver.java:123)
	at sample.base.BaseTest.openChromeBrowser(BaseTest.java:171)
	at sample.base.BaseTest.openBrowser(BaseTest.java:153)
	at sample.base.BaseTest.setUpBeforeTest(BaseTest.java:123)
	at sun.reflect.NativeMethodAccessorImpl.invoke0(Native Method)
	at sun.reflect.NativeMethodAccessorImpl.invoke(Unknown Source)
	at sun.reflect.DelegatingMethodAccessorImpl.invoke(Unknown Source)
	at java.lang.reflect.Method.invoke(Unknown Source)
	at org.testng.internal.MethodInvocationHelper.invokeMethod(MethodInvocationHelper.java:108)
	at org.testng.internal.Invoker.invokeConfigurationMethod(Invoker.java:523)
	at org.testng.internal.Invoker.invokeConfigurations(Invoker.java:224)
	at org.testng.internal.Invoker.invokeConfigurations(Invoker.java:146)
	at org.testng.TestRunner.beforeRun(TestRunner.java:626)
	at org.testng.TestRunner.run(TestRunner.java:594)
	at org.testng.SuiteRunner.runTest(SuiteRunner.java:380)
	at org.testng.SuiteRunner.runSequentially(SuiteRunner.java:375)
	at org.testng.SuiteRunner.privateRun(SuiteRunner.java:340)
	at org.testng.SuiteRunner.run(SuiteRunner.java:289)
	at org.testng.SuiteRunnerWorker.runSuite(SuiteRunnerWorker.java:52)
	at org.testng.SuiteRunnerWorker.run(SuiteRunnerWorker.java:86)
	at org.testng.TestNG.runSuitesSequentially(TestNG.java:1301)
	at org.testng.TestNG.runSuitesLocally(TestNG.java:1226)
	at org.testng.TestNG.runSuites(TestNG.java:1144)
	at org.testng.TestNG.run(TestNG.java:1115)
	at org.apache.maven.surefire.testng.TestNGExecutor.run(TestNGExecutor.java:281)
	at org.apache.maven.surefire.testng.TestNGXmlTestSuite.execute(TestNGXmlTestSuite.java:75)
	at org.apache.maven.surefire.testng.TestNGProvider.invoke(TestNGProvider.java:121)
	at org.apache.maven.surefire.booter.ForkedBooter.invokeProviderInSameClassLoader(ForkedBooter.java:290)
	at org.apache.maven.surefire.booter.ForkedBooter.runSuitesInProcess(ForkedBooter.java:242)
	at org.apache.maven.surefire.booter.ForkedBooter.main(ForkedBooter.java:121)
</textarea></pre></td> 
            </tr> 
           </tbody> 
          </table> 
         </div> 
        </div> </li> 
      </ul> 
     </div> 
    </div> 
    <div class="subview-right left"> 
     <div class="view-summary"> 
      <h5 class="exception-name"></h5> 
     </div> 
    </div> 
   </div> 
   <!-- exception view --> 
   <div id="dashboard-view" class="view hide"> 
    <div class="card-panel transparent np-v"> 
     <h5>Dashboard</h5> 
     <div class="row"> 
      <div class="col s2"> 
       <div class="card-panel r">
         Tests 
        <div class="panel-lead">
         3
        </div> 
       </div> 
      </div> 
      <div class="col s2"> 
       <div class="card-panel r">
         Steps 
        <div class="panel-lead">
         3
        </div> 
       </div> 
      </div> 
      <div class="col s2"> 
       <div class="card-panel r">
         Start 
        <div class="panel-lead">
         May 22, 2020 02:08:55 PM
        </div> 
       </div> 
      </div> 
      <div class="col s2"> 
       <div class="card-panel r">
         End 
        <div class="panel-lead">
         May 22, 2020 02:09:03 PM
        </div> 
       </div> 
      </div> 
      <div class="col s2"> 
       <div class="card-panel r">
         Time Taken 
        <div class="panel-lead">
         7,378ms
        </div> 
       </div> 
      </div> 
      <div class="col s4"> 
       <div class="card-panel environment"> 
        <span class="right label cyan white-text">Environment</span>
        <p>&nbsp;</p> 
        <table> 
         <tbody>
          <tr> 
           <th>Name</th> 
           <th>Value</th> 
          </tr> 
          <tr> 
           <td>Environment</td> 
           <td>Ambiente de Testes</td> 
          </tr> 
         </tbody>
        </table> 
       </div> 
      </div> 
      <div class="col s4"> 
       <div class="card-panel"> 
        <span class="right label cyan white-text">Categories</span>
        <p>&nbsp;</p> 
        <table> 
         <tbody>
          <tr> 
           <th>Name</th> 
           <th>Passed</th> 
           <th>Failed</th> 
           <th>Others</th> 
          </tr> 
          <tr> 
           <td>SimplePageTest</td> 
           <td>0</td> 
           <td>0</td> 
           <td>2</td> 
          </tr> 
          <tr> 
           <td>SimplePageTest2</td> 
           <td>0</td> 
           <td>0</td> 
           <td>1</td> 
          </tr> 
         </tbody>
        </table> 
       </div> 
      </div> 
     </div> 
    </div> 
   </div> 
   <!-- dashboard view --> 
   <div id="testrunner-logs-view" class="view hide"> 
    <div class="card-panel transparent np-v"> 
     <h5>TestRunner Logs</h5> 
     <div class="card-panel"> 
      <table> 
       <tbody>
        <tr>
         <td style="text-align:center;"><h5>Access DevPortal</h5></td>
        </tr>
        <tr>
         <td> <pre>SimplePageTest/test: null</pre> <p style="margin-left: 15px;">[May 22, 2020 14:09:02] Test result: <span class="label yellow darken-2 white-text">Skip</span></p> <pre>SimplePageTest/test2: null</pre> <p style="margin-left: 15px;">[May 22, 2020 14:09:03] Test result: <span class="label yellow darken-2 white-text">Skip</span></p> <pre>SimplePageTest2/test3: null</pre> <p style="margin-left: 15px;">[May 22, 2020 14:09:03] Test result: <span class="label yellow darken-2 white-text">Skip</span></p>    
          <!-- testrunner-logs view -->  
          <!-- container --> <script>
			var statusGroup = {
				passParent: 0,
				failParent: 0,
				fatalParent: 0,
				errorParent: 0,
				warningParent: 0,
				skipParent: 3,
				exceptionsParent: 3,
				
				passChild: 0,
				failChild: 0,
				fatalChild: 0,
				errorChild: 0,
				warningChild: 0,
				skipChild: 3,
				infoChild: 0,
				exceptionsChild: 3,
				
				passGrandChild: 0,
				failGrandChild: 0,
				fatalGrandChild: 0,
				errorGrandChild: 0,
				warningGrandChild: 0,
				skipGrandChild: 0,
				infoGrandChild: 0,
				exceptionsGrandChild: 0,
			};
		</script> <script src="https://cdn.rawgit.com/anshooarora/extentreports-java/5ed7b0c339b51aa347b44ccaa2e2ff29905b2f9f/dist/js/extent.js" type="text/javascript"></script>   </td>
        </tr>
       </tbody>
      </table>
     </div>
    </div>
   </div>
  </div>
 </body>
</html>